[debug] [2020-04-23T14:24:16.097Z] ----------------------------------------------------------------------
[debug] [2020-04-23T14:24:16.101Z] Command:       /usr/local/bin/node /usr/local/bin/firebase serve --only hosting
[debug] [2020-04-23T14:24:16.101Z] CLI Version:   8.1.1
[debug] [2020-04-23T14:24:16.101Z] Platform:      darwin
[debug] [2020-04-23T14:24:16.101Z] Node Version:  v12.16.0
[debug] [2020-04-23T14:24:16.103Z] Time:          Thu Apr 23 2020 16:24:16 GMT+0200 (GMT+02:00)
[debug] [2020-04-23T14:24:16.103Z] ----------------------------------------------------------------------
[debug] [2020-04-23T14:24:16.103Z] 
[debug] [2020-04-23T14:24:16.117Z] > command requires scopes: ["email","openid","https://www.googleapis.com/auth/cloudplatformprojects.readonly","https://www.googleapis.com/auth/firebase","https://www.googleapis.com/auth/cloud-platform"]
[debug] [2020-04-23T14:24:16.118Z] > authorizing via signed-in user
[debug] [2020-04-23T14:24:16.118Z] [iam] checking project inwinetation for permissions ["firebase.projects.get"]
[debug] [2020-04-23T14:24:16.122Z] >>> HTTP REQUEST POST https://cloudresourcemanager.googleapis.com/v1/projects/inwinetation:testIamPermissions  
 {"permissions":["firebase.projects.get"]}
[debug] [2020-04-23T14:24:17.107Z] <<< HTTP RESPONSE 200 {"content-type":"application/json; charset=UTF-8","vary":"X-Origin, Referer, Origin,Accept-Encoding","date":"Thu, 23 Apr 2020 14:24:17 GMT","server":"ESF","cache-control":"private","x-xss-protection":"0","x-frame-options":"SAMEORIGIN","x-content-type-options":"nosniff","server-timing":"gfet4t7; dur=864","alt-svc":"quic=\":443\"; ma=2592000; v=\"46,43\",h3-Q050=\":443\"; ma=2592000,h3-Q049=\":443\"; ma=2592000,h3-Q048=\":443\"; ma=2592000,h3-Q046=\":443\"; ma=2592000,h3-Q043=\":443\"; ma=2592000,h3-T050=\":443\"; ma=2592000","accept-ranges":"none","transfer-encoding":"chunked"}
[debug] [2020-04-23T14:24:17.109Z] >>> HTTP REQUEST GET https://firebase.googleapis.com/v1beta1/projects/inwinetation  
 
[debug] [2020-04-23T14:24:17.338Z] <<< HTTP RESPONSE 200 {"content-type":"application/json; charset=UTF-8","vary":"X-Origin, Referer, Origin,Accept-Encoding","date":"Thu, 23 Apr 2020 14:24:17 GMT","server":"ESF","cache-control":"private","x-xss-protection":"0","x-frame-options":"SAMEORIGIN","x-content-type-options":"nosniff","alt-svc":"quic=\":443\"; ma=2592000; v=\"46,43\",h3-Q050=\":443\"; ma=2592000,h3-Q049=\":443\"; ma=2592000,h3-Q048=\":443\"; ma=2592000,h3-Q046=\":443\"; ma=2592000,h3-Q043=\":443\"; ma=2592000,h3-T050=\":443\"; ma=2592000","accept-ranges":"none","transfer-encoding":"chunked"}
[debug] [2020-04-23T14:24:17.348Z] >>> HTTP REQUEST GET https://firebase.googleapis.com/v1beta1/projects/inwinetation/webApps/-/config  
 
[debug] [2020-04-23T14:24:18.257Z] <<< HTTP RESPONSE 200 {"content-type":"application/json; charset=UTF-8","vary":"X-Origin, Referer, Origin,Accept-Encoding","date":"Thu, 23 Apr 2020 14:24:18 GMT","server":"ESF","cache-control":"private","x-xss-protection":"0","x-frame-options":"SAMEORIGIN","x-content-type-options":"nosniff","alt-svc":"quic=\":443\"; ma=2592000; v=\"46,43\",h3-Q050=\":443\"; ma=2592000,h3-Q049=\":443\"; ma=2592000,h3-Q048=\":443\"; ma=2592000,h3-Q046=\":443\"; ma=2592000,h3-Q043=\":443\"; ma=2592000,h3-T050=\":443\"; ma=2592000","accept-ranges":"none","transfer-encoding":"chunked"}
[info] i  hosting: Serving hosting files from: public
[info] ✔  hosting: Local server: http://localhost:5000
[debug] [2020-04-23T14:39:46.982Z] Error: write EIO
    at afterWriteDispatched (internal/stream_base_commons.js:154:25)
    at writeGeneric (internal/stream_base_commons.js:145:3)
    at WriteStream.Socket._writeGeneric (net.js:780:11)
    at WriteStream.Socket._write (net.js:792:8)
    at doWrite (_stream_writable.js:441:12)
    at writeOrBuffer (_stream_writable.js:425:5)
    at WriteStream.Writable.write (_stream_writable.js:316:11)
    at Array.logRequest (/usr/local/lib/node_modules/firebase-tools/node_modules/morgan/index.js:130:14)
    at listener (/usr/local/lib/node_modules/firebase-tools/node_modules/on-finished/index.js:169:15)
    at onFinish (/usr/local/lib/node_modules/firebase-tools/node_modules/on-finished/index.js:100:5)
    at callback (/usr/local/lib/node_modules/firebase-tools/node_modules/ee-first/index.js:55:10)
    at ServerResponse.onevent (/usr/local/lib/node_modules/firebase-tools/node_modules/ee-first/index.js:93:5)
    at ServerResponse.emit (events.js:333:22)
    at ServerResponse.EventEmitter.emit (domain.js:482:12)
    at onFinish (_http_outgoing.js:730:10)
    at afterWrite (_stream_writable.js:528:5)
[debug] [2020-04-23T14:41:26.684Z] ----------------------------------------------------------------------
[debug] [2020-04-23T14:41:26.686Z] Command:       /usr/local/bin/node /usr/local/bin/firebase serve --only hosting
[debug] [2020-04-23T14:41:26.686Z] CLI Version:   8.1.1
[debug] [2020-04-23T14:41:26.686Z] Platform:      darwin
[debug] [2020-04-23T14:41:26.686Z] Node Version:  v12.16.0
[debug] [2020-04-23T14:41:26.705Z] Time:          Thu Apr 23 2020 16:41:26 GMT+0200 (GMT+02:00)
[debug] [2020-04-23T14:41:26.706Z] ----------------------------------------------------------------------
[debug] [2020-04-23T14:41:26.706Z] 
[debug] [2020-04-23T14:41:26.724Z] > command requires scopes: ["email","openid","https://www.googleapis.com/auth/cloudplatformprojects.readonly","https://www.googleapis.com/auth/firebase","https://www.googleapis.com/auth/cloud-platform"]
[debug] [2020-04-23T14:41:26.726Z] > authorizing via signed-in user
[debug] [2020-04-23T14:41:26.726Z] [iam] checking project inwinetation for permissions ["firebase.projects.get"]
[debug] [2020-04-23T14:41:26.733Z] >>> HTTP REQUEST POST https://cloudresourcemanager.googleapis.com/v1/projects/inwinetation:testIamPermissions  
 {"permissions":["firebase.projects.get"]}
[debug] [2020-04-23T14:41:27.719Z] <<< HTTP RESPONSE 200 {"content-type":"application/json; charset=UTF-8","vary":"X-Origin, Referer, Origin,Accept-Encoding","date":"Thu, 23 Apr 2020 14:41:27 GMT","server":"ESF","cache-control":"private","x-xss-protection":"0","x-frame-options":"SAMEORIGIN","x-content-type-options":"nosniff","server-timing":"gfet4t7; dur=854","alt-svc":"quic=\":443\"; ma=2592000; v=\"46,43\",h3-Q050=\":443\"; ma=2592000,h3-Q049=\":443\"; ma=2592000,h3-Q048=\":443\"; ma=2592000,h3-Q046=\":443\"; ma=2592000,h3-Q043=\":443\"; ma=2592000,h3-T050=\":443\"; ma=2592000","accept-ranges":"none","transfer-encoding":"chunked"}
[debug] [2020-04-23T14:41:27.721Z] >>> HTTP REQUEST GET https://firebase.googleapis.com/v1beta1/projects/inwinetation  
 
[debug] [2020-04-23T14:41:27.944Z] <<< HTTP RESPONSE 200 {"content-type":"application/json; charset=UTF-8","vary":"X-Origin, Referer, Origin,Accept-Encoding","date":"Thu, 23 Apr 2020 14:41:27 GMT","server":"ESF","cache-control":"private","x-xss-protection":"0","x-frame-options":"SAMEORIGIN","x-content-type-options":"nosniff","alt-svc":"quic=\":443\"; ma=2592000; v=\"46,43\",h3-Q050=\":443\"; ma=2592000,h3-Q049=\":443\"; ma=2592000,h3-Q048=\":443\"; ma=2592000,h3-Q046=\":443\"; ma=2592000,h3-Q043=\":443\"; ma=2592000,h3-T050=\":443\"; ma=2592000","accept-ranges":"none","transfer-encoding":"chunked"}
[debug] [2020-04-23T14:41:27.948Z] >>> HTTP REQUEST GET https://firebase.googleapis.com/v1beta1/projects/inwinetation/webApps/-/config  
 
[debug] [2020-04-23T14:41:28.820Z] <<< HTTP RESPONSE 200 {"content-type":"application/json; charset=UTF-8","vary":"X-Origin, Referer, Origin,Accept-Encoding","date":"Thu, 23 Apr 2020 14:41:28 GMT","server":"ESF","cache-control":"private","x-xss-protection":"0","x-frame-options":"SAMEORIGIN","x-content-type-options":"nosniff","alt-svc":"quic=\":443\"; ma=2592000; v=\"46,43\",h3-Q050=\":443\"; ma=2592000,h3-Q049=\":443\"; ma=2592000,h3-Q048=\":443\"; ma=2592000,h3-Q046=\":443\"; ma=2592000,h3-Q043=\":443\"; ma=2592000,h3-T050=\":443\"; ma=2592000","accept-ranges":"none","transfer-encoding":"chunked"}
[info] i  hosting: Serving hosting files from: public
[info] ✔  hosting: Local server: http://localhost:5000
[debug] [2020-04-26T13:21:28.310Z] Error: write EIO
    at afterWriteDispatched (internal/stream_base_commons.js:154:25)
    at writeGeneric (internal/stream_base_commons.js:145:3)
    at WriteStream.Socket._writeGeneric (net.js:780:11)
    at WriteStream.Socket._write (net.js:792:8)
    at doWrite (_stream_writable.js:441:12)
    at writeOrBuffer (_stream_writable.js:425:5)
    at WriteStream.Writable.write (_stream_writable.js:316:11)
    at Array.logRequest (/usr/local/lib/node_modules/firebase-tools/node_modules/morgan/index.js:130:14)
    at listener (/usr/local/lib/node_modules/firebase-tools/node_modules/on-finished/index.js:169:15)
    at onFinish (/usr/local/lib/node_modules/firebase-tools/node_modules/on-finished/index.js:100:5)
    at callback (/usr/local/lib/node_modules/firebase-tools/node_modules/ee-first/index.js:55:10)
    at ServerResponse.onevent (/usr/local/lib/node_modules/firebase-tools/node_modules/ee-first/index.js:93:5)
    at ServerResponse.emit (events.js:333:22)
    at ServerResponse.EventEmitter.emit (domain.js:482:12)
    at onFinish (_http_outgoing.js:730:10)
    at afterWrite (_stream_writable.js:528:5)
